//this is a comment
undefined
//data types
undefined
"Tyler Dang"
'Tyler Dang'
typeof "Tyler Dang"
'string'
type of true;
VM190:1 Uncaught SyntaxError: Unexpected token 'of'
typeof true;
'boolean'
typeof false;
'boolean'
let myVariable ;
undefined
typeof myVariable;
'undefined'
myVariable = "Tyler";
'Tyler'
typeof myVariable;
'string'
myVariable = 42;
42
typeof myVariable;
'number'
42 + 2;
44
42 - 2;
40
let myNumber = 42;
undefined
myNumber + 2;
44
myNumber * 2;
84
myNumber / 2;
21
myNumber = 44 * 2;
88
myNumber;
88
myVariable;
42
myVariable = "Tyler";
'Tyler'
myNumber + myVariable;
'88Tyler'
let myCombo = myNumber+ myVariable;
undefined
typeof myCombo;
'string'
myCombo;
'88Tyler'
myNumber + 2;
90
myVariable === myNumber;
false
myNumber;
88
myNumber === 88;
true
let myBool = myNumber === 88;
undefined
myBool;
true
myNumber !== 88;
false
myNumber >= 88;
true
myNumber < 88;
false
alert("Hello World!");
undefined
